
Lab0-atmega32u4.elf:     file format elf32-avr


Disassembly of section .text:

00000000 <__vectors>:
   0:	b0 c0       	rjmp	.+352    	; 0x162 <__ctors_end>
   2:	00 00       	nop
   4:	c1 c0       	rjmp	.+386    	; 0x188 <__bad_interrupt>
   6:	00 00       	nop
   8:	bf c0       	rjmp	.+382    	; 0x188 <__bad_interrupt>
   a:	00 00       	nop
   c:	bd c0       	rjmp	.+378    	; 0x188 <__bad_interrupt>
   e:	00 00       	nop
  10:	bb c0       	rjmp	.+374    	; 0x188 <__bad_interrupt>
  12:	00 00       	nop
  14:	b9 c0       	rjmp	.+370    	; 0x188 <__bad_interrupt>
  16:	00 00       	nop
  18:	b7 c0       	rjmp	.+366    	; 0x188 <__bad_interrupt>
  1a:	00 00       	nop
  1c:	b5 c0       	rjmp	.+362    	; 0x188 <__bad_interrupt>
  1e:	00 00       	nop
  20:	b3 c0       	rjmp	.+358    	; 0x188 <__bad_interrupt>
  22:	00 00       	nop
  24:	b1 c0       	rjmp	.+354    	; 0x188 <__bad_interrupt>
  26:	00 00       	nop
  28:	af c0       	rjmp	.+350    	; 0x188 <__bad_interrupt>
  2a:	00 00       	nop
  2c:	ad c0       	rjmp	.+346    	; 0x188 <__bad_interrupt>
  2e:	00 00       	nop
  30:	ab c0       	rjmp	.+342    	; 0x188 <__bad_interrupt>
  32:	00 00       	nop
  34:	a9 c0       	rjmp	.+338    	; 0x188 <__bad_interrupt>
  36:	00 00       	nop
  38:	a7 c0       	rjmp	.+334    	; 0x188 <__bad_interrupt>
  3a:	00 00       	nop
  3c:	a5 c0       	rjmp	.+330    	; 0x188 <__bad_interrupt>
  3e:	00 00       	nop
  40:	a3 c0       	rjmp	.+326    	; 0x188 <__bad_interrupt>
  42:	00 00       	nop
  44:	a1 c0       	rjmp	.+322    	; 0x188 <__bad_interrupt>
  46:	00 00       	nop
  48:	9f c0       	rjmp	.+318    	; 0x188 <__bad_interrupt>
  4a:	00 00       	nop
  4c:	9d c0       	rjmp	.+314    	; 0x188 <__bad_interrupt>
  4e:	00 00       	nop
  50:	9b c0       	rjmp	.+310    	; 0x188 <__bad_interrupt>
  52:	00 00       	nop
  54:	99 c0       	rjmp	.+306    	; 0x188 <__bad_interrupt>
  56:	00 00       	nop
  58:	97 c0       	rjmp	.+302    	; 0x188 <__bad_interrupt>
  5a:	00 00       	nop
  5c:	95 c0       	rjmp	.+298    	; 0x188 <__bad_interrupt>
  5e:	00 00       	nop
  60:	93 c0       	rjmp	.+294    	; 0x188 <__bad_interrupt>
  62:	00 00       	nop
  64:	91 c0       	rjmp	.+290    	; 0x188 <__bad_interrupt>
  66:	00 00       	nop
  68:	8f c0       	rjmp	.+286    	; 0x188 <__bad_interrupt>
  6a:	00 00       	nop
  6c:	8d c0       	rjmp	.+282    	; 0x188 <__bad_interrupt>
  6e:	00 00       	nop
  70:	8b c0       	rjmp	.+278    	; 0x188 <__bad_interrupt>
  72:	00 00       	nop
  74:	89 c0       	rjmp	.+274    	; 0x188 <__bad_interrupt>
  76:	00 00       	nop
  78:	87 c0       	rjmp	.+270    	; 0x188 <__bad_interrupt>
  7a:	00 00       	nop
  7c:	85 c0       	rjmp	.+266    	; 0x188 <__bad_interrupt>
  7e:	00 00       	nop
  80:	83 c0       	rjmp	.+262    	; 0x188 <__bad_interrupt>
  82:	00 00       	nop
  84:	81 c0       	rjmp	.+258    	; 0x188 <__bad_interrupt>
  86:	00 00       	nop
  88:	7f c0       	rjmp	.+254    	; 0x188 <__bad_interrupt>
  8a:	00 00       	nop
  8c:	7d c0       	rjmp	.+250    	; 0x188 <__bad_interrupt>
  8e:	00 00       	nop
  90:	7b c0       	rjmp	.+246    	; 0x188 <__bad_interrupt>
  92:	00 00       	nop
  94:	79 c0       	rjmp	.+242    	; 0x188 <__bad_interrupt>
  96:	00 00       	nop
  98:	77 c0       	rjmp	.+238    	; 0x188 <__bad_interrupt>
  9a:	00 00       	nop
  9c:	75 c0       	rjmp	.+234    	; 0x188 <__bad_interrupt>
  9e:	00 00       	nop
  a0:	73 c0       	rjmp	.+230    	; 0x188 <__bad_interrupt>
  a2:	00 00       	nop
  a4:	71 c0       	rjmp	.+226    	; 0x188 <__bad_interrupt>
  a6:	00 00       	nop
  a8:	6f c0       	rjmp	.+222    	; 0x188 <__bad_interrupt>
  aa:	00 00       	nop
  ac:	3c 02       	muls	r19, r28
  ae:	32 02       	muls	r19, r18
  b0:	3c 02       	muls	r19, r28
  b2:	3c 02       	muls	r19, r28
  b4:	3c 02       	muls	r19, r28
  b6:	3c 02       	muls	r19, r28
  b8:	3c 02       	muls	r19, r28
  ba:	3c 02       	muls	r19, r28
  bc:	3c 02       	muls	r19, r28
  be:	3c 02       	muls	r19, r28
  c0:	3c 02       	muls	r19, r28
  c2:	3c 02       	muls	r19, r28
  c4:	3c 02       	muls	r19, r28
  c6:	3c 02       	muls	r19, r28
  c8:	2d 02       	muls	r18, r29
  ca:	3c 02       	muls	r19, r28
  cc:	28 02       	muls	r18, r24
  ce:	fb 01       	movw	r30, r22
  d0:	00 02       	muls	r16, r16
  d2:	05 02       	muls	r16, r21
  d4:	0a 02       	muls	r16, r26
  d6:	0f 02       	muls	r16, r31
  d8:	14 02       	muls	r17, r20
  da:	19 02       	muls	r17, r25
  dc:	1e 02       	muls	r17, r30
  de:	23 02       	muls	r18, r19
  e0:	3c 02       	muls	r19, r28
  e2:	3c 02       	muls	r19, r28
  e4:	3c 02       	muls	r19, r28
  e6:	3c 02       	muls	r19, r28
  e8:	3c 02       	muls	r19, r28
  ea:	37 02       	muls	r19, r23
  ec:	3c 02       	muls	r19, r28
  ee:	3c 02       	muls	r19, r28
  f0:	3c 02       	muls	r19, r28
  f2:	3c 02       	muls	r19, r28
  f4:	3c 02       	muls	r19, r28
  f6:	3c 02       	muls	r19, r28
  f8:	3c 02       	muls	r19, r28
  fa:	3c 02       	muls	r19, r28
  fc:	3c 02       	muls	r19, r28
  fe:	3c 02       	muls	r19, r28
 100:	3c 02       	muls	r19, r28
 102:	3c 02       	muls	r19, r28
 104:	3c 02       	muls	r19, r28
 106:	3c 02       	muls	r19, r28
 108:	3c 02       	muls	r19, r28
 10a:	3c 02       	muls	r19, r28
 10c:	3c 02       	muls	r19, r28
 10e:	3c 02       	muls	r19, r28
 110:	3c 02       	muls	r19, r28
 112:	3c 02       	muls	r19, r28
 114:	3c 02       	muls	r19, r28
 116:	3c 02       	muls	r19, r28
 118:	3c 02       	muls	r19, r28
 11a:	3c 02       	muls	r19, r28
 11c:	3c 02       	muls	r19, r28
 11e:	3c 02       	muls	r19, r28
 120:	3c 02       	muls	r19, r28
 122:	3c 02       	muls	r19, r28
 124:	3c 02       	muls	r19, r28
 126:	3c 02       	muls	r19, r28
 128:	3c 02       	muls	r19, r28
 12a:	3c 02       	muls	r19, r28
 12c:	3c 02       	muls	r19, r28
 12e:	7f 01       	movw	r14, r30
 130:	84 01       	movw	r16, r8
 132:	8d 01       	movw	r16, r26
 134:	84 01       	movw	r16, r8
 136:	92 01       	movw	r18, r4
 138:	97 01       	movw	r18, r14
 13a:	3c 02       	muls	r19, r28
 13c:	9c 01       	movw	r18, r24
 13e:	a1 01       	movw	r20, r2
 140:	a6 01       	movw	r20, r12
 142:	ab 01       	movw	r20, r22
 144:	b0 01       	movw	r22, r0
 146:	b5 01       	movw	r22, r10
 148:	ba 01       	movw	r22, r20
 14a:	bf 01       	movw	r22, r30
 14c:	c4 01       	movw	r24, r8
 14e:	c9 01       	movw	r24, r18
 150:	ce 01       	movw	r24, r28
 152:	d3 01       	movw	r26, r6
 154:	d8 01       	movw	r26, r16
 156:	dd 01       	movw	r26, r26
 158:	e2 01       	movw	r28, r4
 15a:	e7 01       	movw	r28, r14
 15c:	ec 01       	movw	r28, r24
 15e:	f1 01       	movw	r30, r2
 160:	f6 01       	movw	r30, r12

00000162 <__ctors_end>:
 162:	11 24       	eor	r1, r1
 164:	1f be       	out	0x3f, r1	; 63
 166:	cf ef       	ldi	r28, 0xFF	; 255
 168:	da e0       	ldi	r29, 0x0A	; 10
 16a:	de bf       	out	0x3e, r29	; 62
 16c:	cd bf       	out	0x3d, r28	; 61

0000016e <__do_copy_data>:
 16e:	11 e0       	ldi	r17, 0x01	; 1
 170:	a0 e0       	ldi	r26, 0x00	; 0
 172:	b1 e0       	ldi	r27, 0x01	; 1
 174:	ee ed       	ldi	r30, 0xDE	; 222
 176:	f4 e0       	ldi	r31, 0x04	; 4
 178:	02 c0       	rjmp	.+4      	; 0x17e <__do_copy_data+0x10>
 17a:	05 90       	lpm	r0, Z+
 17c:	0d 92       	st	X+, r0
 17e:	a6 38       	cpi	r26, 0x86	; 134
 180:	b1 07       	cpc	r27, r17
 182:	d9 f7       	brne	.-10     	; 0x17a <__do_copy_data+0xc>
 184:	23 d0       	rcall	.+70     	; 0x1cc <main>
 186:	a9 c1       	rjmp	.+850    	; 0x4da <_exit>

00000188 <__bad_interrupt>:
 188:	3b cf       	rjmp	.-394    	; 0x0 <__vectors>

0000018a <blink_morse_str>:
 18a:	cf 92       	push	r12
 18c:	df 92       	push	r13
 18e:	ef 92       	push	r14
 190:	ff 92       	push	r15
 192:	0f 93       	push	r16
 194:	1f 93       	push	r17
 196:	cf 93       	push	r28
 198:	8c 01       	movw	r16, r24
 19a:	c0 e0       	ldi	r28, 0x00	; 0
 19c:	6b 01       	movw	r12, r22
 19e:	e1 2c       	mov	r14, r1
 1a0:	f1 2c       	mov	r15, r1
 1a2:	f8 01       	movw	r30, r16
 1a4:	ec 0f       	add	r30, r28
 1a6:	f1 1d       	adc	r31, r1
 1a8:	80 81       	ld	r24, Z
 1aa:	88 23       	and	r24, r24
 1ac:	39 f0       	breq	.+14     	; 0x1bc <blink_morse_str+0x32>
 1ae:	cf 3f       	cpi	r28, 0xFF	; 255
 1b0:	29 f0       	breq	.+10     	; 0x1bc <blink_morse_str+0x32>
 1b2:	b7 01       	movw	r22, r14
 1b4:	a6 01       	movw	r20, r12
 1b6:	92 d0       	rcall	.+292    	; 0x2dc <blink_morse_char>
 1b8:	cf 5f       	subi	r28, 0xFF	; 255
 1ba:	f3 cf       	rjmp	.-26     	; 0x1a2 <blink_morse_str+0x18>
 1bc:	cf 91       	pop	r28
 1be:	1f 91       	pop	r17
 1c0:	0f 91       	pop	r16
 1c2:	ff 90       	pop	r15
 1c4:	ef 90       	pop	r14
 1c6:	df 90       	pop	r13
 1c8:	cf 90       	pop	r12
 1ca:	08 95       	ret

000001cc <main>:
 1cc:	3f 9a       	sbi	0x07, 7	; 7
 1ce:	64 e6       	ldi	r22, 0x64	; 100
 1d0:	70 e0       	ldi	r23, 0x00	; 0
 1d2:	80 e0       	ldi	r24, 0x00	; 0
 1d4:	91 e0       	ldi	r25, 0x01	; 1
 1d6:	d9 df       	rcall	.-78     	; 0x18a <blink_morse_str>
 1d8:	fa cf       	rjmp	.-12     	; 0x1ce <main+0x2>

000001da <led_on_block>:
 1da:	0f 93       	push	r16
 1dc:	1f 93       	push	r17
 1de:	47 9a       	sbi	0x08, 7	; 8
 1e0:	00 e0       	ldi	r16, 0x00	; 0
 1e2:	10 e0       	ldi	r17, 0x00	; 0
 1e4:	98 01       	movw	r18, r16
 1e6:	06 17       	cp	r16, r22
 1e8:	17 07       	cpc	r17, r23
 1ea:	28 07       	cpc	r18, r24
 1ec:	39 07       	cpc	r19, r25
 1ee:	59 f0       	breq	.+22     	; 0x206 <led_on_block+0x2c>
 1f0:	ef e9       	ldi	r30, 0x9F	; 159
 1f2:	ff e0       	ldi	r31, 0x0F	; 15
 1f4:	31 97       	sbiw	r30, 0x01	; 1
 1f6:	f1 f7       	brne	.-4      	; 0x1f4 <led_on_block+0x1a>
 1f8:	00 c0       	rjmp	.+0      	; 0x1fa <led_on_block+0x20>
 1fa:	00 00       	nop
 1fc:	0f 5f       	subi	r16, 0xFF	; 255
 1fe:	1f 4f       	sbci	r17, 0xFF	; 255
 200:	2f 4f       	sbci	r18, 0xFF	; 255
 202:	3f 4f       	sbci	r19, 0xFF	; 255
 204:	f0 cf       	rjmp	.-32     	; 0x1e6 <led_on_block+0xc>
 206:	1f 91       	pop	r17
 208:	0f 91       	pop	r16
 20a:	08 95       	ret

0000020c <led_off_block>:
 20c:	0f 93       	push	r16
 20e:	1f 93       	push	r17
 210:	47 98       	cbi	0x08, 7	; 8
 212:	00 e0       	ldi	r16, 0x00	; 0
 214:	10 e0       	ldi	r17, 0x00	; 0
 216:	98 01       	movw	r18, r16
 218:	06 17       	cp	r16, r22
 21a:	17 07       	cpc	r17, r23
 21c:	28 07       	cpc	r18, r24
 21e:	39 07       	cpc	r19, r25
 220:	59 f0       	breq	.+22     	; 0x238 <led_off_block+0x2c>
 222:	ef e9       	ldi	r30, 0x9F	; 159
 224:	ff e0       	ldi	r31, 0x0F	; 15
 226:	31 97       	sbiw	r30, 0x01	; 1
 228:	f1 f7       	brne	.-4      	; 0x226 <led_off_block+0x1a>
 22a:	00 c0       	rjmp	.+0      	; 0x22c <led_off_block+0x20>
 22c:	00 00       	nop
 22e:	0f 5f       	subi	r16, 0xFF	; 255
 230:	1f 4f       	sbci	r17, 0xFF	; 255
 232:	2f 4f       	sbci	r18, 0xFF	; 255
 234:	3f 4f       	sbci	r19, 0xFF	; 255
 236:	f0 cf       	rjmp	.-32     	; 0x218 <led_off_block+0xc>
 238:	1f 91       	pop	r17
 23a:	0f 91       	pop	r16
 23c:	08 95       	ret

0000023e <morse_dot>:
 23e:	cf 92       	push	r12
 240:	df 92       	push	r13
 242:	ef 92       	push	r14
 244:	ff 92       	push	r15
 246:	6b 01       	movw	r12, r22
 248:	7c 01       	movw	r14, r24
 24a:	c7 df       	rcall	.-114    	; 0x1da <led_on_block>
 24c:	c7 01       	movw	r24, r14
 24e:	b6 01       	movw	r22, r12
 250:	ff 90       	pop	r15
 252:	ef 90       	pop	r14
 254:	df 90       	pop	r13
 256:	cf 90       	pop	r12
 258:	d9 cf       	rjmp	.-78     	; 0x20c <led_off_block>

0000025a <morse_dash>:
 25a:	cf 92       	push	r12
 25c:	df 92       	push	r13
 25e:	ef 92       	push	r14
 260:	ff 92       	push	r15
 262:	6b 01       	movw	r12, r22
 264:	7c 01       	movw	r14, r24
 266:	a3 e0       	ldi	r26, 0x03	; 3
 268:	b0 e0       	ldi	r27, 0x00	; 0
 26a:	9b 01       	movw	r18, r22
 26c:	ac 01       	movw	r20, r24
 26e:	14 d1       	rcall	.+552    	; 0x498 <__muluhisi3>
 270:	b4 df       	rcall	.-152    	; 0x1da <led_on_block>
 272:	c7 01       	movw	r24, r14
 274:	b6 01       	movw	r22, r12
 276:	ff 90       	pop	r15
 278:	ef 90       	pop	r14
 27a:	df 90       	pop	r13
 27c:	cf 90       	pop	r12
 27e:	c6 cf       	rjmp	.-116    	; 0x20c <led_off_block>

00000280 <morse_letter_end>:
 280:	66 0f       	add	r22, r22
 282:	77 1f       	adc	r23, r23
 284:	88 1f       	adc	r24, r24
 286:	99 1f       	adc	r25, r25
 288:	c1 cf       	rjmp	.-126    	; 0x20c <led_off_block>

0000028a <dot_dash_blink>:
 28a:	cf 92       	push	r12
 28c:	df 92       	push	r13
 28e:	ef 92       	push	r14
 290:	ff 92       	push	r15
 292:	0f 93       	push	r16
 294:	1f 93       	push	r17
 296:	cf 93       	push	r28
 298:	df 93       	push	r29
 29a:	6a 01       	movw	r12, r20
 29c:	7b 01       	movw	r14, r22
 29e:	ec 01       	movw	r28, r24
 2a0:	8c 01       	movw	r16, r24
 2a2:	07 5f       	subi	r16, 0xF7	; 247
 2a4:	1f 4f       	sbci	r17, 0xFF	; 255
 2a6:	89 91       	ld	r24, Y+
 2a8:	88 23       	and	r24, r24
 2aa:	69 f0       	breq	.+26     	; 0x2c6 <dot_dash_blink+0x3c>
 2ac:	c0 17       	cp	r28, r16
 2ae:	d1 07       	cpc	r29, r17
 2b0:	51 f0       	breq	.+20     	; 0x2c6 <dot_dash_blink+0x3c>
 2b2:	8e 32       	cpi	r24, 0x2E	; 46
 2b4:	21 f4       	brne	.+8      	; 0x2be <dot_dash_blink+0x34>
 2b6:	c7 01       	movw	r24, r14
 2b8:	b6 01       	movw	r22, r12
 2ba:	c1 df       	rcall	.-126    	; 0x23e <morse_dot>
 2bc:	f4 cf       	rjmp	.-24     	; 0x2a6 <dot_dash_blink+0x1c>
 2be:	c7 01       	movw	r24, r14
 2c0:	b6 01       	movw	r22, r12
 2c2:	cb df       	rcall	.-106    	; 0x25a <morse_dash>
 2c4:	f0 cf       	rjmp	.-32     	; 0x2a6 <dot_dash_blink+0x1c>
 2c6:	c7 01       	movw	r24, r14
 2c8:	b6 01       	movw	r22, r12
 2ca:	df 91       	pop	r29
 2cc:	cf 91       	pop	r28
 2ce:	1f 91       	pop	r17
 2d0:	0f 91       	pop	r16
 2d2:	ff 90       	pop	r15
 2d4:	ef 90       	pop	r14
 2d6:	df 90       	pop	r13
 2d8:	cf 90       	pop	r12
 2da:	d2 cf       	rjmp	.-92     	; 0x280 <morse_letter_end>

000002dc <blink_morse_char>:
 2dc:	cf 92       	push	r12
 2de:	df 92       	push	r13
 2e0:	ef 92       	push	r14
 2e2:	ff 92       	push	r15
 2e4:	6a 01       	movw	r12, r20
 2e6:	7b 01       	movw	r14, r22
 2e8:	90 e0       	ldi	r25, 0x00	; 0
 2ea:	ef d0       	rcall	.+478    	; 0x4ca <tolower>
 2ec:	80 97       	sbiw	r24, 0x20	; 32
 2ee:	8b 35       	cpi	r24, 0x5B	; 91
 2f0:	91 05       	cpc	r25, r1
 2f2:	08 f0       	brcs	.+2      	; 0x2f6 <blink_morse_char+0x1a>
 2f4:	c1 c0       	rjmp	.+386    	; 0x478 <__LOCK_REGION_LENGTH__+0x78>
 2f6:	8a 5a       	subi	r24, 0xAA	; 170
 2f8:	9f 4f       	sbci	r25, 0xFF	; 255
 2fa:	fc 01       	movw	r30, r24
 2fc:	c7 c0       	rjmp	.+398    	; 0x48c <__tablejump2__>
 2fe:	b7 01       	movw	r22, r14
 300:	a6 01       	movw	r20, r12
 302:	88 e2       	ldi	r24, 0x28	; 40
 304:	91 e0       	ldi	r25, 0x01	; 1
 306:	04 c0       	rjmp	.+8      	; 0x310 <blink_morse_char+0x34>
 308:	b7 01       	movw	r22, r14
 30a:	a6 01       	movw	r20, r12
 30c:	8a e5       	ldi	r24, 0x5A	; 90
 30e:	91 e0       	ldi	r25, 0x01	; 1
 310:	ff 90       	pop	r15
 312:	ef 90       	pop	r14
 314:	df 90       	pop	r13
 316:	cf 90       	pop	r12
 318:	b8 cf       	rjmp	.-144    	; 0x28a <dot_dash_blink>
 31a:	b7 01       	movw	r22, r14
 31c:	a6 01       	movw	r20, r12
 31e:	8d e0       	ldi	r24, 0x0D	; 13
 320:	91 e0       	ldi	r25, 0x01	; 1
 322:	f6 cf       	rjmp	.-20     	; 0x310 <blink_morse_char+0x34>
 324:	b7 01       	movw	r22, r14
 326:	a6 01       	movw	r20, r12
 328:	89 e6       	ldi	r24, 0x69	; 105
 32a:	91 e0       	ldi	r25, 0x01	; 1
 32c:	f1 cf       	rjmp	.-30     	; 0x310 <blink_morse_char+0x34>
 32e:	b7 01       	movw	r22, r14
 330:	a6 01       	movw	r20, r12
 332:	82 e1       	ldi	r24, 0x12	; 18
 334:	91 e0       	ldi	r25, 0x01	; 1
 336:	ec cf       	rjmp	.-40     	; 0x310 <blink_morse_char+0x34>
 338:	b7 01       	movw	r22, r14
 33a:	a6 01       	movw	r20, r12
 33c:	84 e5       	ldi	r24, 0x54	; 84
 33e:	91 e0       	ldi	r25, 0x01	; 1
 340:	e7 cf       	rjmp	.-50     	; 0x310 <blink_morse_char+0x34>
 342:	b7 01       	movw	r22, r14
 344:	a6 01       	movw	r20, r12
 346:	82 e6       	ldi	r24, 0x62	; 98
 348:	91 e0       	ldi	r25, 0x01	; 1
 34a:	e2 cf       	rjmp	.-60     	; 0x310 <blink_morse_char+0x34>
 34c:	b7 01       	movw	r22, r14
 34e:	a6 01       	movw	r20, r12
 350:	87 e1       	ldi	r24, 0x17	; 23
 352:	91 e0       	ldi	r25, 0x01	; 1
 354:	dd cf       	rjmp	.-70     	; 0x310 <blink_morse_char+0x34>
 356:	b7 01       	movw	r22, r14
 358:	a6 01       	movw	r20, r12
 35a:	87 e2       	ldi	r24, 0x27	; 39
 35c:	91 e0       	ldi	r25, 0x01	; 1
 35e:	d8 cf       	rjmp	.-80     	; 0x310 <blink_morse_char+0x34>
 360:	b7 01       	movw	r22, r14
 362:	a6 01       	movw	r20, r12
 364:	8c e1       	ldi	r24, 0x1C	; 28
 366:	91 e0       	ldi	r25, 0x01	; 1
 368:	d3 cf       	rjmp	.-90     	; 0x310 <blink_morse_char+0x34>
 36a:	b7 01       	movw	r22, r14
 36c:	a6 01       	movw	r20, r12
 36e:	8e e6       	ldi	r24, 0x6E	; 110
 370:	91 e0       	ldi	r25, 0x01	; 1
 372:	ce cf       	rjmp	.-100    	; 0x310 <blink_morse_char+0x34>
 374:	b7 01       	movw	r22, r14
 376:	a6 01       	movw	r20, r12
 378:	88 e6       	ldi	r24, 0x68	; 104
 37a:	91 e0       	ldi	r25, 0x01	; 1
 37c:	c9 cf       	rjmp	.-110    	; 0x310 <blink_morse_char+0x34>
 37e:	b7 01       	movw	r22, r14
 380:	a6 01       	movw	r20, r12
 382:	8d e6       	ldi	r24, 0x6D	; 109
 384:	91 e0       	ldi	r25, 0x01	; 1
 386:	c4 cf       	rjmp	.-120    	; 0x310 <blink_morse_char+0x34>
 388:	b7 01       	movw	r22, r14
 38a:	a6 01       	movw	r20, r12
 38c:	81 e2       	ldi	r24, 0x21	; 33
 38e:	91 e0       	ldi	r25, 0x01	; 1
 390:	bf cf       	rjmp	.-130    	; 0x310 <blink_morse_char+0x34>
 392:	b7 01       	movw	r22, r14
 394:	a6 01       	movw	r20, r12
 396:	86 e2       	ldi	r24, 0x26	; 38
 398:	91 e0       	ldi	r25, 0x01	; 1
 39a:	ba cf       	rjmp	.-140    	; 0x310 <blink_morse_char+0x34>
 39c:	b7 01       	movw	r22, r14
 39e:	a6 01       	movw	r20, r12
 3a0:	8e e0       	ldi	r24, 0x0E	; 14
 3a2:	91 e0       	ldi	r25, 0x01	; 1
 3a4:	b5 cf       	rjmp	.-150    	; 0x310 <blink_morse_char+0x34>
 3a6:	b7 01       	movw	r22, r14
 3a8:	a6 01       	movw	r20, r12
 3aa:	8b e5       	ldi	r24, 0x5B	; 91
 3ac:	91 e0       	ldi	r25, 0x01	; 1
 3ae:	b0 cf       	rjmp	.-160    	; 0x310 <blink_morse_char+0x34>
 3b0:	b7 01       	movw	r22, r14
 3b2:	a6 01       	movw	r20, r12
 3b4:	8f e6       	ldi	r24, 0x6F	; 111
 3b6:	91 e0       	ldi	r25, 0x01	; 1
 3b8:	ab cf       	rjmp	.-170    	; 0x310 <blink_morse_char+0x34>
 3ba:	b7 01       	movw	r22, r14
 3bc:	a6 01       	movw	r20, r12
 3be:	81 e3       	ldi	r24, 0x31	; 49
 3c0:	91 e0       	ldi	r25, 0x01	; 1
 3c2:	a6 cf       	rjmp	.-180    	; 0x310 <blink_morse_char+0x34>
 3c4:	b7 01       	movw	r22, r14
 3c6:	a6 01       	movw	r20, r12
 3c8:	8b e2       	ldi	r24, 0x2B	; 43
 3ca:	91 e0       	ldi	r25, 0x01	; 1
 3cc:	a1 cf       	rjmp	.-190    	; 0x310 <blink_morse_char+0x34>
 3ce:	b7 01       	movw	r22, r14
 3d0:	a6 01       	movw	r20, r12
 3d2:	8b e7       	ldi	r24, 0x7B	; 123
 3d4:	91 e0       	ldi	r25, 0x01	; 1
 3d6:	9c cf       	rjmp	.-200    	; 0x310 <blink_morse_char+0x34>
 3d8:	b7 01       	movw	r22, r14
 3da:	a6 01       	movw	r20, r12
 3dc:	80 e3       	ldi	r24, 0x30	; 48
 3de:	91 e0       	ldi	r25, 0x01	; 1
 3e0:	97 cf       	rjmp	.-210    	; 0x310 <blink_morse_char+0x34>
 3e2:	b7 01       	movw	r22, r14
 3e4:	a6 01       	movw	r20, r12
 3e6:	8a e7       	ldi	r24, 0x7A	; 122
 3e8:	91 e0       	ldi	r25, 0x01	; 1
 3ea:	92 cf       	rjmp	.-220    	; 0x310 <blink_morse_char+0x34>
 3ec:	b7 01       	movw	r22, r14
 3ee:	a6 01       	movw	r20, r12
 3f0:	80 e6       	ldi	r24, 0x60	; 96
 3f2:	91 e0       	ldi	r25, 0x01	; 1
 3f4:	8d cf       	rjmp	.-230    	; 0x310 <blink_morse_char+0x34>
 3f6:	b7 01       	movw	r22, r14
 3f8:	a6 01       	movw	r20, r12
 3fa:	85 e3       	ldi	r24, 0x35	; 53
 3fc:	91 e0       	ldi	r25, 0x01	; 1
 3fe:	88 cf       	rjmp	.-240    	; 0x310 <blink_morse_char+0x34>
 400:	b7 01       	movw	r22, r14
 402:	a6 01       	movw	r20, r12
 404:	8b e3       	ldi	r24, 0x3B	; 59
 406:	91 e0       	ldi	r25, 0x01	; 1
 408:	83 cf       	rjmp	.-250    	; 0x310 <blink_morse_char+0x34>
 40a:	b7 01       	movw	r22, r14
 40c:	a6 01       	movw	r20, r12
 40e:	81 e4       	ldi	r24, 0x41	; 65
 410:	91 e0       	ldi	r25, 0x01	; 1
 412:	7e cf       	rjmp	.-260    	; 0x310 <blink_morse_char+0x34>
 414:	b7 01       	movw	r22, r14
 416:	a6 01       	movw	r20, r12
 418:	87 e4       	ldi	r24, 0x47	; 71
 41a:	91 e0       	ldi	r25, 0x01	; 1
 41c:	79 cf       	rjmp	.-270    	; 0x310 <blink_morse_char+0x34>
 41e:	b7 01       	movw	r22, r14
 420:	a6 01       	movw	r20, r12
 422:	8d e4       	ldi	r24, 0x4D	; 77
 424:	91 e0       	ldi	r25, 0x01	; 1
 426:	74 cf       	rjmp	.-280    	; 0x310 <blink_morse_char+0x34>
 428:	b7 01       	movw	r22, r14
 42a:	a6 01       	movw	r20, r12
 42c:	83 e5       	ldi	r24, 0x53	; 83
 42e:	91 e0       	ldi	r25, 0x01	; 1
 430:	6f cf       	rjmp	.-290    	; 0x310 <blink_morse_char+0x34>
 432:	b7 01       	movw	r22, r14
 434:	a6 01       	movw	r20, r12
 436:	89 e5       	ldi	r24, 0x59	; 89
 438:	91 e0       	ldi	r25, 0x01	; 1
 43a:	6a cf       	rjmp	.-300    	; 0x310 <blink_morse_char+0x34>
 43c:	b7 01       	movw	r22, r14
 43e:	a6 01       	movw	r20, r12
 440:	8f e5       	ldi	r24, 0x5F	; 95
 442:	91 e0       	ldi	r25, 0x01	; 1
 444:	65 cf       	rjmp	.-310    	; 0x310 <blink_morse_char+0x34>
 446:	b7 01       	movw	r22, r14
 448:	a6 01       	movw	r20, r12
 44a:	85 e6       	ldi	r24, 0x65	; 101
 44c:	91 e0       	ldi	r25, 0x01	; 1
 44e:	60 cf       	rjmp	.-320    	; 0x310 <blink_morse_char+0x34>
 450:	b7 01       	movw	r22, r14
 452:	a6 01       	movw	r20, r12
 454:	8b e6       	ldi	r24, 0x6B	; 107
 456:	91 e0       	ldi	r25, 0x01	; 1
 458:	5b cf       	rjmp	.-330    	; 0x310 <blink_morse_char+0x34>
 45a:	b7 01       	movw	r22, r14
 45c:	a6 01       	movw	r20, r12
 45e:	81 e7       	ldi	r24, 0x71	; 113
 460:	91 e0       	ldi	r25, 0x01	; 1
 462:	56 cf       	rjmp	.-340    	; 0x310 <blink_morse_char+0x34>
 464:	b7 01       	movw	r22, r14
 466:	a6 01       	movw	r20, r12
 468:	88 e7       	ldi	r24, 0x78	; 120
 46a:	91 e0       	ldi	r25, 0x01	; 1
 46c:	51 cf       	rjmp	.-350    	; 0x310 <blink_morse_char+0x34>
 46e:	b7 01       	movw	r22, r14
 470:	a6 01       	movw	r20, r12
 472:	8f e7       	ldi	r24, 0x7F	; 127
 474:	91 e0       	ldi	r25, 0x01	; 1
 476:	4c cf       	rjmp	.-360    	; 0x310 <blink_morse_char+0x34>
 478:	a7 e0       	ldi	r26, 0x07	; 7
 47a:	b0 e0       	ldi	r27, 0x00	; 0
 47c:	a7 01       	movw	r20, r14
 47e:	96 01       	movw	r18, r12
 480:	0b d0       	rcall	.+22     	; 0x498 <__muluhisi3>
 482:	ff 90       	pop	r15
 484:	ef 90       	pop	r14
 486:	df 90       	pop	r13
 488:	cf 90       	pop	r12
 48a:	c0 ce       	rjmp	.-640    	; 0x20c <led_off_block>

0000048c <__tablejump2__>:
 48c:	ee 0f       	add	r30, r30
 48e:	ff 1f       	adc	r31, r31
 490:	05 90       	lpm	r0, Z+
 492:	f4 91       	lpm	r31, Z
 494:	e0 2d       	mov	r30, r0
 496:	09 94       	ijmp

00000498 <__muluhisi3>:
 498:	09 d0       	rcall	.+18     	; 0x4ac <__umulhisi3>
 49a:	a5 9f       	mul	r26, r21
 49c:	90 0d       	add	r25, r0
 49e:	b4 9f       	mul	r27, r20
 4a0:	90 0d       	add	r25, r0
 4a2:	a4 9f       	mul	r26, r20
 4a4:	80 0d       	add	r24, r0
 4a6:	91 1d       	adc	r25, r1
 4a8:	11 24       	eor	r1, r1
 4aa:	08 95       	ret

000004ac <__umulhisi3>:
 4ac:	a2 9f       	mul	r26, r18
 4ae:	b0 01       	movw	r22, r0
 4b0:	b3 9f       	mul	r27, r19
 4b2:	c0 01       	movw	r24, r0
 4b4:	a3 9f       	mul	r26, r19
 4b6:	70 0d       	add	r23, r0
 4b8:	81 1d       	adc	r24, r1
 4ba:	11 24       	eor	r1, r1
 4bc:	91 1d       	adc	r25, r1
 4be:	b2 9f       	mul	r27, r18
 4c0:	70 0d       	add	r23, r0
 4c2:	81 1d       	adc	r24, r1
 4c4:	11 24       	eor	r1, r1
 4c6:	91 1d       	adc	r25, r1
 4c8:	08 95       	ret

000004ca <tolower>:
 4ca:	91 11       	cpse	r25, r1
 4cc:	08 95       	ret
 4ce:	81 54       	subi	r24, 0x41	; 65
 4d0:	8a 51       	subi	r24, 0x1A	; 26
 4d2:	08 f4       	brcc	.+2      	; 0x4d6 <tolower+0xc>
 4d4:	80 5e       	subi	r24, 0xE0	; 224
 4d6:	85 5a       	subi	r24, 0xA5	; 165
 4d8:	08 95       	ret

000004da <_exit>:
 4da:	f8 94       	cli

000004dc <__stop_program>:
 4dc:	ff cf       	rjmp	.-2      	; 0x4dc <__stop_program>
